21:16:33.104 [com.Imad.Main.main()     ] DEBUG Logger               - Configured Logger
21:16:33.115 [com.Imad.Main.main()     ] DEBUG GameApplication      - Logging settings
Title: Stars
Version: 
Width: 2560
Height: 1440
Fullscreen: true
Intro: false
Profiling: false
Single step:false
App Mode: DEVELOPER
Menu Key: ESCAPE
Stage Style: DECORATED
Scene Factory: class com.almasb.fxgl.app.scene.SceneFactory

21:16:33.394 [JavaFX Application Thread] DEBUG FXGLApplication      - Initializing FXGL
21:16:33.399 [JavaFX Application Thread] INFO  Engine               - FXGL-17.2 (20.08.2022 16.50) on WINDOWS (J:17.0.1 FX:18)
21:16:33.399 [JavaFX Application Thread] DEBUG Engine               - JRE Vendor Name: Oracle Corporation
21:16:33.399 [JavaFX Application Thread] DEBUG Engine               - Running on OS: Windows 10 version 10.0
21:16:33.400 [JavaFX Application Thread] DEBUG Engine               - Architecture: amd64
21:16:33.400 [JavaFX Application Thread] INFO  Engine               - Source code and latest versions at: https://github.com/AlmasB/FXGL
21:16:33.400 [JavaFX Application Thread] INFO  Engine               -       Ask questions and discuss at: https://github.com/AlmasB/FXGL/discussions
21:16:33.400 [JavaFX Application Thread] INFO  Engine               -              Join the FXGL chat at: https://gitter.im/AlmasB/FXGL
21:16:33.512 [JavaFX Application Thread] DEBUG PrimaryStageWindow   - Creating a JavaFX scene
21:16:33.557 [JavaFX Application Thread] DEBUG PrimaryStageWindow   - Target settings size: 2560.0 x 1440.0
21:16:33.557 [JavaFX Application Thread] DEBUG PrimaryStageWindow   - Scaled scene size:    2560.0 x 1440.0
21:16:33.557 [JavaFX Application Thread] DEBUG PrimaryStageWindow   - Scaled ratio: (1.0, 1.0)
21:16:33.559 [JavaFX Application Thread] DEBUG PrimaryStageWindow   - Set initial scene to FXGLStartupScene
21:16:33.567 [JavaFX Application Thread] DEBUG PrimaryStageWindow   - Opening main window
21:16:33.658 [JavaFX Application Thread] DEBUG PrimaryStageWindow   - Window border size: (16.0, 39.0)
21:16:33.658 [JavaFX Application Thread] DEBUG PrimaryStageWindow   - Scaled size: 2560.0 x 1440.0
21:16:33.658 [JavaFX Application Thread] DEBUG PrimaryStageWindow   - Scaled ratio: (1.0, 1.0)
21:16:33.659 [JavaFX Application Thread] DEBUG PrimaryStageWindow   - Scene size: 2560.0 x 1440.0
21:16:33.659 [JavaFX Application Thread] DEBUG PrimaryStageWindow   - Stage size: 2576.0 x 1479.0
21:16:33.706 [JavaFX Application Thread] DEBUG PrimaryStageWindow   - Going fullscreen
21:16:33.714 [FXGL Background Thread 1 ] DEBUG Engine               - Initializing environment variables
21:16:33.735 [FXGL Background Thread 1 ] DEBUG FXGLAssetLoaderServi - User app class for loading assets: class com.Imad.Main
21:16:33.735 [FXGL Background Thread 1 ] DEBUG GameApplicationServi - Applying CSS: fxgl_dark.css
21:16:33.736 [FXGL Background Thread 1 ] DEBUG FXGLAssetLoaderServi - Loading from file system: jar:file:/C:/Users/imad0/.m2/repository/com/github/almasb/fxgl/17.2/fxgl-17.2.jar!/fxglassets/ui/css/fxgl_dark.css
21:16:33.770 [FXGL Background Thread 1 ] DEBUG GameApplicationServi - Initializing application scenes
21:16:33.808 [FXGL Background Thread 1 ] DEBUG GameWorld            - Game world initialized
21:16:33.854 [FXGL Background Thread 1 ] DEBUG PhysicsWorld         - Physics world initialized: appHeight=1440, physics.ppm=50.0
21:16:33.854 [FXGL Background Thread 1 ] DEBUG PhysicsWorld         - Using strategy: BRUTE_FORCE
21:16:33.857 [FXGL Background Thread 1 ] DEBUG GameScene            - Game scene initialized: 2560x1440
21:16:33.866 [FXGL Background Thread 1 ] DEBUG FXGL.DefaultMenu     - createMenuBodyGameMenu()
21:16:33.879 [FXGL Background Thread 1 ] DEBUG FXGL.DefaultMenu     - createOptionsMenu()
21:16:33.887 [FXGL Background Thread 1 ] DEBUG FXGLAssetLoaderServi - Loading from file system: jar:file:/C:/Users/imad0/.m2/repository/com/github/almasb/fxgl/17.2/fxgl-17.2.jar!/fxglassets/textures/particles/smoke.png
21:16:33.965 [FXGL Background Thread 1 ] DEBUG FXGLAssetLoaderServi - Loading from file system: jar:file:/C:/Users/imad0/.m2/repository/com/github/almasb/fxgl/17.2/fxgl-17.2.jar!/fxglassets/textures/particles/trace_horizontal.png
21:16:34.000 [FXGL Background Thread 1 ] DEBUG GameApplicationServi - Application scenes initialized
21:16:34.013 [FXGL Background Thread 1 ] DEBUG SystemBundleService  - Loading FXGL system data
21:16:34.017 [FXGL Background Thread 1 ] DEBUG FileSystemAccess     - Reading from: C:\Users\imad0\Desktop\CodingFun\JavaFxMeTry\system\fxgl.bundle
21:16:34.021 [FXGL Background Thread 1 ] DEBUG SystemBundleService  - Bundle FXGL: {}
21:16:34.021 [FXGL Background Thread 1 ] DEBUG UpdaterService       - Checking for updates
21:16:34.026 [FXGL Background Thread 4 ] DEBUG FXGLApplication      - Loading fonts
21:16:34.026 [FXGL Background Thread 1 ] DEBUG FXGLApplication      - Loading default localization
21:16:34.026 [FXGL Background Thread 4 ] DEBUG FXGLAssetLoaderServi - Loading from file system: jar:file:/C:/Users/imad0/.m2/repository/com/github/almasb/fxgl/17.2/fxgl-17.2.jar!/fxglassets/ui/fonts/VarelaRound-Regular.ttf
21:16:34.027 [FXGL Background Thread 1 ] DEBUG FXGLAssetLoaderServi - Loading from file system: jar:file:/C:/Users/imad0/.m2/repository/com/github/almasb/fxgl/17.2/fxgl-17.2.jar!/fxglassets/languages/english.lang
21:16:34.043 [FXGL Background Thread 4 ] DEBUG FXGLAssetLoaderServi - Loading from file system: jar:file:/C:/Users/imad0/.m2/repository/com/github/almasb/fxgl/17.2/fxgl-17.2.jar!/fxglassets/ui/fonts/Abel-Regular.ttf
21:16:34.049 [FXGL Background Thread 1 ] INFO  FXGLApplication      - FXGL initialization took: 0.335 sec
21:16:34.051 [FXGL Background Thread 4 ] DEBUG FXGLAssetLoaderServi - Loading from file system: jar:file:/C:/Users/imad0/.m2/repository/com/github/almasb/fxgl/17.2/fxgl-17.2.jar!/fxglassets/ui/fonts/TerminalLandMono-Regular.otf
21:16:34.058 [JavaFX Application Thread] DEBUG Input                - Registered new binding: faster - W
21:16:34.058 [JavaFX Application Thread] DEBUG Input                - Registered new binding: slower - S
21:16:34.058 [JavaFX Application Thread] DEBUG FXGLAssetLoaderServi - Loading from file system: file:/C:/Users/imad0/Desktop/CodingFun/JavaFxMeTry/target/classes/assets/textures/smallstar.png
21:16:34.059 [FXGL Background Thread 4 ] DEBUG FXGLAssetLoaderServi - Loading from file system: jar:file:/C:/Users/imad0/.m2/repository/com/github/almasb/fxgl/17.2/fxgl-17.2.jar!/fxglassets/ui/fonts/Courier-Prime.ttf
21:16:34.066 [JavaFX Application Thread] DEBUG FXGLAssetLoaderServi - Loading from file system: jar:file:/C:/Users/imad0/.m2/repository/com/github/almasb/fxgl/17.2/fxgl-17.2.jar!/fxglassets/textures/fxgl_default_cursor.png
21:16:34.069 [JavaFX Application Thread] DEBUG Input                - Registered new binding: Screenshot - CTRL+8
21:16:34.069 [JavaFX Application Thread] DEBUG Input                - Registered new binding: System info dump - CTRL+9
21:16:34.069 [JavaFX Application Thread] DEBUG Input                - Registered new binding: Restart - CTRL+R
21:16:34.070 [JavaFX Application Thread] DEBUG Input                - Registered new binding: Toggle Debug Camera - CTRL+7
21:16:34.073 [JavaFX Application Thread] DEBUG LoopRunner           - Starting loop
21:16:34.073 [JavaFX Application Thread] DEBUG LoopRunner           - Initializing JavaFX AnimationTimerLoop
21:16:34.074 [JavaFX Application Thread] DEBUG GameApplicationServi - Starting new game
21:16:34.074 [JavaFX Application Thread] DEBUG Input                - Clearing active input actions
21:16:34.083 [JavaFX Application Thread] DEBUG GameApplicationServi - Removing overlay from FXGLStartupScene and adding to FXGLLoadingScene
21:16:34.083 [JavaFX Application Thread] DEBUG PrimaryStageWindow   - FXGLStartupScene -> FXGLLoadingScene
21:16:34.083 [JavaFX Application Thread] DEBUG GameApplicationServi - Clearing previous game
21:16:34.083 [JavaFX Application Thread] DEBUG GameScene            - Clearing game scene
21:16:34.083 [JavaFX Application Thread] DEBUG GameWorld            - Clearing game world
21:16:34.083 [JavaFX Application Thread] DEBUG PhysicsWorld         - Clearing physics world
21:16:34.085 [FXGL Background Thread 4 ] DEBUG FXGLApplication      - Initializing game
21:16:34.085 [JavaFX Application Thread] DEBUG FXGLApplication      - Registering font factories with UI factory
21:16:34.316 [FXGL Background Thread 4 ] INFO  FXGLApplication      - Game initialization took: 0.231 sec
21:16:34.317 [JavaFX Application Thread] DEBUG Input                - Clearing active input actions
21:16:34.370 [JavaFX Application Thread] DEBUG GameApplicationServi - Removing overlay from FXGLLoadingScene and adding to GameScene
21:16:34.371 [JavaFX Application Thread] DEBUG PrimaryStageWindow   - FXGLLoadingScene -> GameScene
21:16:37.025 [FXGL Background Thread 3 ] DEBUG Engine               - Logging environment variables
21:16:37.025 [FXGL Background Thread 3 ] DEBUG Engine               - achievements: []
21:16:37.025 [FXGL Background Thread 3 ] DEBUG Engine               - actualHeight: 1440.0
21:16:37.025 [FXGL Background Thread 3 ] DEBUG Engine               - actualHeightProperty: ReadOnlyDoubleProperty [value: 1440.0]
21:16:37.026 [FXGL Background Thread 3 ] DEBUG Engine               - actualWidth: 2560.0
21:16:37.026 [FXGL Background Thread 3 ] DEBUG Engine               - actualWidthProperty: ReadOnlyDoubleProperty [value: 2560.0]
21:16:37.026 [FXGL Background Thread 3 ] DEBUG Engine               - appIcon: smallstar.png
21:16:37.026 [FXGL Background Thread 3 ] DEBUG Engine               - applicationMode: DEVELOPER
21:16:37.026 [FXGL Background Thread 3 ] DEBUG Engine               - cSSList: [fxgl_dark.css]
21:16:37.026 [FXGL Background Thread 3 ] DEBUG Engine               - collisionDetectionStrategy: BRUTE_FORCE
21:16:37.026 [FXGL Background Thread 3 ] DEBUG Engine               - configClass: Optional.empty
21:16:37.026 [FXGL Background Thread 3 ] DEBUG Engine               - credits: []
21:16:37.026 [FXGL Background Thread 3 ] DEBUG Engine               - defaultCursor: CursorInfo(imageName=fxgl_default_cursor.png, hotspotX=7.0, hotspotY=6.0)
21:16:37.026 [FXGL Background Thread 3 ] DEBUG Engine               - devBBoxColorProperty: ObjectProperty [value: 0xff0000ff]
21:16:37.026 [FXGL Background Thread 3 ] DEBUG Engine               - devEnableDebugCameraProperty: BooleanProperty [value: false]
21:16:37.027 [FXGL Background Thread 3 ] DEBUG Engine               - devSensorColorProperty: ObjectProperty [value: 0xffff00ff]
21:16:37.027 [FXGL Background Thread 3 ] DEBUG Engine               - devShowBBoxProperty: BooleanProperty [value: false]
21:16:37.027 [FXGL Background Thread 3 ] DEBUG Engine               - devShowPositionProperty: BooleanProperty [value: false]
21:16:37.027 [FXGL Background Thread 3 ] DEBUG Engine               - enabledMenuItems: []
21:16:37.027 [FXGL Background Thread 3 ] DEBUG Engine               - engineServices: [class com.almasb.fxgl.app.services.FXGLAssetLoaderService, class com.almasb.fxgl.app.FXGLApplication$GameApplicationService, class com.almasb.fxgl.app.services.FXGLDialogService, class com.almasb.fxgl.app.services.IOTaskExecutorService, class com.almasb.fxgl.io.FileSystemService, class com.almasb.fxgl.localization.LocalizationService, class com.almasb.fxgl.app.services.SystemBundleService, class com.almasb.fxgl.profile.SaveLoadService, class com.almasb.fxgl.ui.FXGLUIFactoryServiceProvider, class com.almasb.fxgl.ui.FXGLDialogFactoryServiceProvider, class com.almasb.fxgl.audio.AudioPlayer, class com.almasb.fxgl.notification.impl.NotificationServiceProvider, class com.almasb.fxgl.achievement.AchievementService, class com.almasb.fxgl.cutscene.CutsceneService, class com.almasb.fxgl.minigames.MiniGameService, class com.almasb.fxgl.net.NetService, class com.almasb.fxgl.app.services.UpdaterService, class com.almasb.fxgl.dev.DevService]
21:16:37.027 [FXGL Background Thread 3 ] DEBUG Engine               - fontGame: Abel-Regular.ttf
21:16:37.027 [FXGL Background Thread 3 ] DEBUG Engine               - fontMono: TerminalLandMono-Regular.otf
21:16:37.027 [FXGL Background Thread 3 ] DEBUG Engine               - fontText: Courier-Prime.ttf
21:16:37.027 [FXGL Background Thread 3 ] DEBUG Engine               - fontUI: VarelaRound-Regular.ttf
21:16:37.027 [FXGL Background Thread 3 ] DEBUG Engine               - fullScreen: BooleanProperty [value: true]
21:16:37.027 [FXGL Background Thread 3 ] DEBUG Engine               - gameDifficulty: MEDIUM
21:16:37.028 [FXGL Background Thread 3 ] DEBUG Engine               - gameDifficultyProperty: ObjectProperty [value: MEDIUM]
21:16:37.028 [FXGL Background Thread 3 ] DEBUG Engine               - globalMusicVolume: 0.5
21:16:37.028 [FXGL Background Thread 3 ] DEBUG Engine               - globalMusicVolumeProperty: DoubleProperty [value: 0.5]
21:16:37.028 [FXGL Background Thread 3 ] DEBUG Engine               - globalSoundVolume: 0.5
21:16:37.028 [FXGL Background Thread 3 ] DEBUG Engine               - globalSoundVolumeProperty: DoubleProperty [value: 0.5]
21:16:37.028 [FXGL Background Thread 3 ] DEBUG Engine               - height: 1440
21:16:37.028 [FXGL Background Thread 3 ] DEBUG Engine               - is3D: false
21:16:37.028 [FXGL Background Thread 3 ] DEBUG Engine               - isAndroid: false
21:16:37.028 [FXGL Background Thread 3 ] DEBUG Engine               - isBrowser: false
21:16:37.028 [FXGL Background Thread 3 ] DEBUG Engine               - isClickFeedbackEnabled: false
21:16:37.028 [FXGL Background Thread 3 ] DEBUG Engine               - isCloseConfirmation: false
21:16:37.028 [FXGL Background Thread 3 ] DEBUG Engine               - isDesktop: true
21:16:37.028 [FXGL Background Thread 3 ] DEBUG Engine               - isDeveloperMenuEnabled: false
21:16:37.028 [FXGL Background Thread 3 ] DEBUG Engine               - isEmbedded: false
21:16:37.029 [FXGL Background Thread 3 ] DEBUG Engine               - isEntityPreloadEnabled: true
21:16:37.029 [FXGL Background Thread 3 ] DEBUG Engine               - isExperimentalTiledLargeMap: false
21:16:37.029 [FXGL Background Thread 3 ] DEBUG Engine               - isFileSystemWriteAllowed: true
21:16:37.029 [FXGL Background Thread 3 ] DEBUG Engine               - isFullScreenAllowed: true
21:16:37.029 [FXGL Background Thread 3 ] DEBUG Engine               - isFullScreenFromStart: true
21:16:37.029 [FXGL Background Thread 3 ] DEBUG Engine               - isGameMenuEnabled: true
21:16:37.029 [FXGL Background Thread 3 ] DEBUG Engine               - isIOS: false
21:16:37.029 [FXGL Background Thread 3 ] DEBUG Engine               - isIntroEnabled: false
21:16:37.029 [FXGL Background Thread 3 ] DEBUG Engine               - isLinux: false
21:16:37.030 [FXGL Background Thread 3 ] DEBUG Engine               - isMac: false
21:16:37.030 [FXGL Background Thread 3 ] DEBUG Engine               - isMainMenuEnabled: false
21:16:37.030 [FXGL Background Thread 3 ] DEBUG Engine               - isManualResizeEnabled: false
21:16:37.030 [FXGL Background Thread 3 ] DEBUG Engine               - isMobile: false
21:16:37.030 [FXGL Background Thread 3 ] DEBUG Engine               - isNative: false
21:16:37.030 [FXGL Background Thread 3 ] DEBUG Engine               - isPauseMusicWhenMinimized: true
21:16:37.030 [FXGL Background Thread 3 ] DEBUG Engine               - isPreserveResizeRatio: false
21:16:37.030 [FXGL Background Thread 3 ] DEBUG Engine               - isProfilingEnabled: false
21:16:37.030 [FXGL Background Thread 3 ] DEBUG Engine               - isScaleAffectedOnResize: true
21:16:37.030 [FXGL Background Thread 3 ] DEBUG Engine               - isSingleStep: false
21:16:37.030 [FXGL Background Thread 3 ] DEBUG Engine               - isUserProfileEnabled: false
21:16:37.030 [FXGL Background Thread 3 ] DEBUG Engine               - isWindows: true
21:16:37.030 [FXGL Background Thread 3 ] DEBUG Engine               - language: ObjectProperty [value: ENGLISH]
21:16:37.030 [FXGL Background Thread 3 ] DEBUG Engine               - menuKey: ESCAPE
21:16:37.030 [FXGL Background Thread 3 ] DEBUG Engine               - mouseSensitivity: 0.2
21:16:37.030 [FXGL Background Thread 3 ] DEBUG Engine               - notificationViewClass: class com.almasb.fxgl.notification.view.XboxNotificationView
21:16:37.030 [FXGL Background Thread 3 ] DEBUG Engine               - pixelsPerMeter: 50.0
21:16:37.030 [FXGL Background Thread 3 ] DEBUG Engine               - platform: WINDOWS
21:16:37.031 [FXGL Background Thread 3 ] DEBUG Engine               - prefHeightProperty: ReadOnlyDoubleProperty [value: 1440.0]
21:16:37.031 [FXGL Background Thread 3 ] DEBUG Engine               - prefWidthProperty: ReadOnlyDoubleProperty [value: 2560.0]
21:16:37.031 [FXGL Background Thread 3 ] DEBUG Engine               - profileDir: profiles/
21:16:37.031 [FXGL Background Thread 3 ] DEBUG Engine               - profileName: StringProperty [value: DEFAULT]
21:16:37.031 [FXGL Background Thread 3 ] DEBUG Engine               - randomSeed: -1
21:16:37.031 [FXGL Background Thread 3 ] DEBUG Engine               - runtimeInfo: RuntimeInfo(platform=WINDOWS, version=17.2, build=20.08.2022 16.50)
21:16:37.031 [FXGL Background Thread 3 ] DEBUG Engine               - saveFileExt: sav
21:16:37.031 [FXGL Background Thread 3 ] DEBUG Engine               - scaledHeightProp$fxgl: DoubleProperty [bound, value: 1440.0]
21:16:37.032 [FXGL Background Thread 3 ] DEBUG Engine               - scaledWidthProp$fxgl: DoubleProperty [bound, value: 2560.0]
21:16:37.032 [FXGL Background Thread 3 ] DEBUG Engine               - sceneFactory: com.almasb.fxgl.app.scene.SceneFactory@400c1a48
21:16:37.032 [FXGL Background Thread 3 ] DEBUG Engine               - secondsIn24h: 60
21:16:37.032 [FXGL Background Thread 3 ] DEBUG Engine               - soundMenuBack: menu/back.wav
21:16:37.032 [FXGL Background Thread 3 ] DEBUG Engine               - soundMenuPress: menu/press.wav
21:16:37.032 [FXGL Background Thread 3 ] DEBUG Engine               - soundMenuSelect: menu/select.wav
21:16:37.032 [FXGL Background Thread 3 ] DEBUG Engine               - soundNotification: core/notification.wav
21:16:37.032 [FXGL Background Thread 3 ] DEBUG Engine               - stageStyle: DECORATED
21:16:37.032 [FXGL Background Thread 3 ] DEBUG Engine               - supportedLanguages: [ENGLISH, FRENCH, GERMAN, HUNGARIAN, RUSSIAN]
21:16:37.032 [FXGL Background Thread 3 ] DEBUG Engine               - ticksPerSecond: -1
21:16:37.032 [FXGL Background Thread 3 ] DEBUG Engine               - title: Stars
21:16:37.032 [FXGL Background Thread 3 ] DEBUG Engine               - urlGithub: https://github.com/AlmasB/FXGL
21:16:37.032 [FXGL Background Thread 3 ] DEBUG Engine               - urlLeaderboard: http://fxgl-top.herokuapp.com/
21:16:37.032 [FXGL Background Thread 3 ] DEBUG Engine               - urlPOM: https://raw.githubusercontent.com/AlmasB/FXGL/release/README.md
21:16:37.033 [FXGL Background Thread 3 ] DEBUG Engine               - userAppClass: class com.Imad.Main
21:16:37.033 [FXGL Background Thread 3 ] DEBUG Engine               - version: 
21:16:37.033 [FXGL Background Thread 3 ] DEBUG Engine               - versionCheckDays: 7
21:16:37.033 [FXGL Background Thread 3 ] DEBUG Engine               - width: 2560
21:16:37.033 [FXGL Background Thread 3 ] DEBUG Engine               - Logging services
21:16:37.033 [FXGL Background Thread 3 ] DEBUG Engine               - class com.almasb.fxgl.app.services.FXGLAssetLoaderService
21:16:37.033 [FXGL Background Thread 3 ] DEBUG Engine               - class com.almasb.fxgl.app.FXGLApplication$GameApplicationService
21:16:37.033 [FXGL Background Thread 3 ] DEBUG Engine               - class com.almasb.fxgl.app.services.FXGLDialogService
21:16:37.033 [FXGL Background Thread 3 ] DEBUG Engine               - class com.almasb.fxgl.app.services.IOTaskExecutorService
21:16:37.033 [FXGL Background Thread 3 ] DEBUG Engine               - class com.almasb.fxgl.io.FileSystemService
21:16:37.033 [FXGL Background Thread 3 ] DEBUG Engine               - class com.almasb.fxgl.localization.LocalizationService
21:16:37.033 [FXGL Background Thread 3 ] DEBUG Engine               - class com.almasb.fxgl.app.services.SystemBundleService
21:16:37.034 [FXGL Background Thread 3 ] DEBUG Engine               - class com.almasb.fxgl.profile.SaveLoadService
21:16:37.034 [FXGL Background Thread 3 ] DEBUG Engine               - class com.almasb.fxgl.ui.FXGLUIFactoryServiceProvider
21:16:37.034 [FXGL Background Thread 3 ] DEBUG Engine               - class com.almasb.fxgl.ui.FXGLDialogFactoryServiceProvider
21:16:37.034 [FXGL Background Thread 3 ] DEBUG Engine               - class com.almasb.fxgl.audio.AudioPlayer
21:16:37.034 [FXGL Background Thread 3 ] DEBUG Engine               - class com.almasb.fxgl.notification.impl.NotificationServiceProvider
21:16:37.034 [FXGL Background Thread 3 ] DEBUG Engine               - class com.almasb.fxgl.achievement.AchievementService
21:16:37.034 [FXGL Background Thread 3 ] DEBUG Engine               - class com.almasb.fxgl.cutscene.CutsceneService
21:16:37.034 [FXGL Background Thread 3 ] DEBUG Engine               - class com.almasb.fxgl.minigames.MiniGameService
21:16:37.034 [FXGL Background Thread 3 ] DEBUG Engine               - class com.almasb.fxgl.net.NetService
21:16:37.034 [FXGL Background Thread 3 ] DEBUG Engine               - class com.almasb.fxgl.app.services.UpdaterService
21:16:37.034 [FXGL Background Thread 3 ] DEBUG Engine               - class com.almasb.fxgl.dev.DevService
21:17:31.954 [JavaFX Application Thread] DEBUG PrimaryStageWindow   - Push state: FXGLDefaultMenu
21:17:31.958 [JavaFX Application Thread] DEBUG Input                - Clearing active input actions
21:17:31.963 [JavaFX Application Thread] DEBUG GameApplicationServi - Removing overlay from GameScene and adding to FXGLDefaultMenu
21:17:31.964 [JavaFX Application Thread] DEBUG PrimaryStageWindow   - GameScene -> FXGLDefaultMenu
21:17:39.685 [JavaFX Application Thread] DEBUG FXGLApplication      - Exiting FXGL
21:17:39.685 [JavaFX Application Thread] DEBUG LoopRunner           - Stopping loop
21:17:39.685 [JavaFX Application Thread] DEBUG SystemBundleService  - Saving FXGL system data
21:17:39.687 [JavaFX Application Thread] DEBUG FileSystemAccess     - Writing to: C:\Users\imad0\Desktop\CodingFun\JavaFxMeTry\system\fxgl.bundle
21:17:39.689 [JavaFX Application Thread] DEBUG Async                - Shutting down background threads
21:17:39.689 [JavaFX Application Thread] DEBUG PrimaryStageWindow   - Closing main window
21:17:39.708 [JavaFX Application Thread] DEBUG Logger               - Closing Logger
