21:20:48.609 [com.Imad.Main.main()     ] DEBUG Logger               - Configured Logger
21:20:48.624 [com.Imad.Main.main()     ] DEBUG GameApplication      - Logging settings
Title: Stars
Version: 
Width: 2560
Height: 1440
Fullscreen: true
Intro: false
Profiling: false
Single step:false
App Mode: DEVELOPER
Menu Key: ESCAPE
Stage Style: DECORATED
Scene Factory: class com.almasb.fxgl.app.scene.SceneFactory

21:20:48.936 [JavaFX Application Thread] DEBUG FXGLApplication      - Initializing FXGL
21:20:48.941 [JavaFX Application Thread] INFO  Engine               - FXGL-17.2 (20.08.2022 16.50) on WINDOWS (J:17.0.1 FX:18)
21:20:48.942 [JavaFX Application Thread] DEBUG Engine               - JRE Vendor Name: Oracle Corporation
21:20:48.942 [JavaFX Application Thread] DEBUG Engine               - Running on OS: Windows 10 version 10.0
21:20:48.942 [JavaFX Application Thread] DEBUG Engine               - Architecture: amd64
21:20:48.942 [JavaFX Application Thread] INFO  Engine               - Source code and latest versions at: https://github.com/AlmasB/FXGL
21:20:48.943 [JavaFX Application Thread] INFO  Engine               -       Ask questions and discuss at: https://github.com/AlmasB/FXGL/discussions
21:20:48.943 [JavaFX Application Thread] INFO  Engine               -              Join the FXGL chat at: https://gitter.im/AlmasB/FXGL
21:20:49.053 [JavaFX Application Thread] DEBUG PrimaryStageWindow   - Creating a JavaFX scene
21:20:49.092 [JavaFX Application Thread] DEBUG PrimaryStageWindow   - Target settings size: 2560.0 x 1440.0
21:20:49.092 [JavaFX Application Thread] DEBUG PrimaryStageWindow   - Scaled scene size:    2560.0 x 1440.0
21:20:49.092 [JavaFX Application Thread] DEBUG PrimaryStageWindow   - Scaled ratio: (1.0, 1.0)
21:20:49.094 [JavaFX Application Thread] DEBUG PrimaryStageWindow   - Set initial scene to FXGLStartupScene
21:20:49.102 [JavaFX Application Thread] DEBUG PrimaryStageWindow   - Opening main window
21:20:49.186 [JavaFX Application Thread] DEBUG PrimaryStageWindow   - Window border size: (16.0, 39.0)
21:20:49.187 [JavaFX Application Thread] DEBUG PrimaryStageWindow   - Scaled size: 2560.0 x 1440.0
21:20:49.187 [JavaFX Application Thread] DEBUG PrimaryStageWindow   - Scaled ratio: (1.0, 1.0)
21:20:49.187 [JavaFX Application Thread] DEBUG PrimaryStageWindow   - Scene size: 2560.0 x 1440.0
21:20:49.187 [JavaFX Application Thread] DEBUG PrimaryStageWindow   - Stage size: 2576.0 x 1479.0
21:20:49.238 [JavaFX Application Thread] DEBUG PrimaryStageWindow   - Going fullscreen
21:20:49.246 [FXGL Background Thread 1 ] DEBUG Engine               - Initializing environment variables
21:20:49.269 [FXGL Background Thread 1 ] DEBUG FXGLAssetLoaderServi - User app class for loading assets: class com.Imad.Main
21:20:49.269 [FXGL Background Thread 1 ] DEBUG GameApplicationServi - Applying CSS: fxgl_dark.css
21:20:49.270 [FXGL Background Thread 1 ] DEBUG FXGLAssetLoaderServi - Loading from file system: jar:file:/C:/Users/imad0/.m2/repository/com/github/almasb/fxgl/17.2/fxgl-17.2.jar!/fxglassets/ui/css/fxgl_dark.css
21:20:49.302 [FXGL Background Thread 1 ] DEBUG GameApplicationServi - Initializing application scenes
21:20:49.330 [FXGL Background Thread 1 ] DEBUG GameWorld            - Game world initialized
21:20:49.372 [FXGL Background Thread 1 ] DEBUG PhysicsWorld         - Physics world initialized: appHeight=1440, physics.ppm=50.0
21:20:49.372 [FXGL Background Thread 1 ] DEBUG PhysicsWorld         - Using strategy: BRUTE_FORCE
21:20:49.377 [FXGL Background Thread 1 ] DEBUG GameScene            - Game scene initialized: 2560x1440
21:20:49.386 [FXGL Background Thread 1 ] DEBUG FXGL.DefaultMenu     - createMenuBodyGameMenu()
21:20:49.398 [FXGL Background Thread 1 ] DEBUG FXGL.DefaultMenu     - createOptionsMenu()
21:20:49.406 [FXGL Background Thread 1 ] DEBUG FXGLAssetLoaderServi - Loading from file system: jar:file:/C:/Users/imad0/.m2/repository/com/github/almasb/fxgl/17.2/fxgl-17.2.jar!/fxglassets/textures/particles/smoke.png
21:20:49.471 [FXGL Background Thread 1 ] DEBUG FXGLAssetLoaderServi - Loading from file system: jar:file:/C:/Users/imad0/.m2/repository/com/github/almasb/fxgl/17.2/fxgl-17.2.jar!/fxglassets/textures/particles/trace_horizontal.png
21:20:49.492 [FXGL Background Thread 1 ] DEBUG GameApplicationServi - Application scenes initialized
21:20:49.502 [FXGL Background Thread 1 ] DEBUG SystemBundleService  - Loading FXGL system data
21:20:49.506 [FXGL Background Thread 1 ] DEBUG FileSystemAccess     - Reading from: C:\Users\imad0\Desktop\CodingFun\JavaFxMeTry\system\fxgl.bundle
21:20:49.511 [FXGL Background Thread 1 ] DEBUG SystemBundleService  - Bundle FXGL: {}
21:20:49.511 [FXGL Background Thread 1 ] DEBUG UpdaterService       - Checking for updates
21:20:49.521 [FXGL Background Thread 1 ] DEBUG FXGLApplication      - Loading default localization
21:20:49.522 [FXGL Background Thread 4 ] DEBUG FXGLApplication      - Loading fonts
21:20:49.523 [FXGL Background Thread 1 ] DEBUG FXGLAssetLoaderServi - Loading from file system: jar:file:/C:/Users/imad0/.m2/repository/com/github/almasb/fxgl/17.2/fxgl-17.2.jar!/fxglassets/languages/english.lang
21:20:49.543 [FXGL Background Thread 1 ] INFO  FXGLApplication      - FXGL initialization took: 0.297 sec
21:20:49.546 [FXGL Background Thread 4 ] DEBUG FXGLAssetLoaderServi - Loading from file system: jar:file:/C:/Users/imad0/.m2/repository/com/github/almasb/fxgl/17.2/fxgl-17.2.jar!/fxglassets/ui/fonts/Abel-Regular.ttf
21:20:49.555 [FXGL Background Thread 4 ] DEBUG FXGLAssetLoaderServi - Loading from file system: jar:file:/C:/Users/imad0/.m2/repository/com/github/almasb/fxgl/17.2/fxgl-17.2.jar!/fxglassets/ui/fonts/TerminalLandMono-Regular.otf
21:20:49.555 [JavaFX Application Thread] DEBUG Input                - Registered new binding: faster - W
21:20:49.556 [JavaFX Application Thread] DEBUG Input                - Registered new binding: slower - S
21:20:49.556 [JavaFX Application Thread] DEBUG FXGLAssetLoaderServi - Loading from file system: file:/C:/Users/imad0/Desktop/CodingFun/JavaFxMeTry/target/classes/assets/textures/smallstar.png
21:20:49.561 [JavaFX Application Thread] DEBUG FXGLAssetLoaderServi - Loading from file system: jar:file:/C:/Users/imad0/.m2/repository/com/github/almasb/fxgl/17.2/fxgl-17.2.jar!/fxglassets/textures/fxgl_default_cursor.png
21:20:49.563 [FXGL Background Thread 4 ] DEBUG FXGLAssetLoaderServi - Loading from file system: jar:file:/C:/Users/imad0/.m2/repository/com/github/almasb/fxgl/17.2/fxgl-17.2.jar!/fxglassets/ui/fonts/Courier-Prime.ttf
21:20:49.564 [JavaFX Application Thread] DEBUG Input                - Registered new binding: Screenshot - CTRL+8
21:20:49.565 [JavaFX Application Thread] DEBUG Input                - Registered new binding: System info dump - CTRL+9
21:20:49.566 [JavaFX Application Thread] DEBUG Input                - Registered new binding: Restart - CTRL+R
21:20:49.567 [JavaFX Application Thread] DEBUG Input                - Registered new binding: Toggle Debug Camera - CTRL+7
21:20:49.568 [JavaFX Application Thread] DEBUG LoopRunner           - Starting loop
21:20:49.569 [JavaFX Application Thread] DEBUG LoopRunner           - Initializing JavaFX AnimationTimerLoop
21:20:49.570 [JavaFX Application Thread] DEBUG GameApplicationServi - Starting new game
21:20:49.571 [JavaFX Application Thread] DEBUG Input                - Clearing active input actions
21:20:49.581 [JavaFX Application Thread] DEBUG GameApplicationServi - Removing overlay from FXGLStartupScene and adding to FXGLLoadingScene
21:20:49.581 [JavaFX Application Thread] DEBUG PrimaryStageWindow   - FXGLStartupScene -> FXGLLoadingScene
21:20:49.581 [JavaFX Application Thread] DEBUG GameApplicationServi - Clearing previous game
21:20:49.581 [JavaFX Application Thread] DEBUG GameScene            - Clearing game scene
21:20:49.581 [JavaFX Application Thread] DEBUG GameWorld            - Clearing game world
21:20:49.581 [JavaFX Application Thread] DEBUG PhysicsWorld         - Clearing physics world
21:20:49.583 [JavaFX Application Thread] DEBUG FXGLApplication      - Registering font factories with UI factory
21:20:49.583 [FXGL Background Thread 4 ] DEBUG FXGLApplication      - Initializing game
21:20:49.831 [FXGL Background Thread 4 ] INFO  FXGLApplication      - Game initialization took: 0.248 sec
21:20:49.832 [JavaFX Application Thread] DEBUG Input                - Clearing active input actions
21:20:49.866 [JavaFX Application Thread] DEBUG GameApplicationServi - Removing overlay from FXGLLoadingScene and adding to GameScene
21:20:49.866 [JavaFX Application Thread] DEBUG PrimaryStageWindow   - FXGLLoadingScene -> GameScene
21:20:52.519 [FXGL Background Thread 3 ] DEBUG Engine               - Logging environment variables
21:20:52.519 [FXGL Background Thread 3 ] DEBUG Engine               - achievements: []
21:20:52.519 [FXGL Background Thread 3 ] DEBUG Engine               - actualHeight: 1440.0
21:20:52.519 [FXGL Background Thread 3 ] DEBUG Engine               - actualHeightProperty: ReadOnlyDoubleProperty [value: 1440.0]
21:20:52.519 [FXGL Background Thread 3 ] DEBUG Engine               - actualWidth: 2560.0
21:20:52.519 [FXGL Background Thread 3 ] DEBUG Engine               - actualWidthProperty: ReadOnlyDoubleProperty [value: 2560.0]
21:20:52.519 [FXGL Background Thread 3 ] DEBUG Engine               - appIcon: smallstar.png
21:20:52.520 [FXGL Background Thread 3 ] DEBUG Engine               - applicationMode: DEVELOPER
21:20:52.520 [FXGL Background Thread 3 ] DEBUG Engine               - cSSList: [fxgl_dark.css]
21:20:52.520 [FXGL Background Thread 3 ] DEBUG Engine               - collisionDetectionStrategy: BRUTE_FORCE
21:20:52.520 [FXGL Background Thread 3 ] DEBUG Engine               - configClass: Optional.empty
21:20:52.520 [FXGL Background Thread 3 ] DEBUG Engine               - credits: []
21:20:52.520 [FXGL Background Thread 3 ] DEBUG Engine               - defaultCursor: CursorInfo(imageName=fxgl_default_cursor.png, hotspotX=7.0, hotspotY=6.0)
21:20:52.520 [FXGL Background Thread 3 ] DEBUG Engine               - devBBoxColorProperty: ObjectProperty [value: 0xff0000ff]
21:20:52.521 [FXGL Background Thread 3 ] DEBUG Engine               - devEnableDebugCameraProperty: BooleanProperty [value: false]
21:20:52.521 [FXGL Background Thread 3 ] DEBUG Engine               - devSensorColorProperty: ObjectProperty [value: 0xffff00ff]
21:20:52.521 [FXGL Background Thread 3 ] DEBUG Engine               - devShowBBoxProperty: BooleanProperty [value: false]
21:20:52.521 [FXGL Background Thread 3 ] DEBUG Engine               - devShowPositionProperty: BooleanProperty [value: false]
21:20:52.521 [FXGL Background Thread 3 ] DEBUG Engine               - enabledMenuItems: []
21:20:52.521 [FXGL Background Thread 3 ] DEBUG Engine               - engineServices: [class com.almasb.fxgl.app.services.FXGLAssetLoaderService, class com.almasb.fxgl.app.FXGLApplication$GameApplicationService, class com.almasb.fxgl.app.services.FXGLDialogService, class com.almasb.fxgl.app.services.IOTaskExecutorService, class com.almasb.fxgl.io.FileSystemService, class com.almasb.fxgl.localization.LocalizationService, class com.almasb.fxgl.app.services.SystemBundleService, class com.almasb.fxgl.profile.SaveLoadService, class com.almasb.fxgl.ui.FXGLUIFactoryServiceProvider, class com.almasb.fxgl.ui.FXGLDialogFactoryServiceProvider, class com.almasb.fxgl.audio.AudioPlayer, class com.almasb.fxgl.notification.impl.NotificationServiceProvider, class com.almasb.fxgl.achievement.AchievementService, class com.almasb.fxgl.cutscene.CutsceneService, class com.almasb.fxgl.minigames.MiniGameService, class com.almasb.fxgl.net.NetService, class com.almasb.fxgl.app.services.UpdaterService, class com.almasb.fxgl.dev.DevService]
21:20:52.521 [FXGL Background Thread 3 ] DEBUG Engine               - fontGame: Abel-Regular.ttf
21:20:52.521 [FXGL Background Thread 3 ] DEBUG Engine               - fontMono: TerminalLandMono-Regular.otf
21:20:52.521 [FXGL Background Thread 3 ] DEBUG Engine               - fontText: Courier-Prime.ttf
21:20:52.522 [FXGL Background Thread 3 ] DEBUG Engine               - fontUI: VarelaRound-Regular.ttf
21:20:52.522 [FXGL Background Thread 3 ] DEBUG Engine               - fullScreen: BooleanProperty [value: true]
21:20:52.522 [FXGL Background Thread 3 ] DEBUG Engine               - gameDifficulty: MEDIUM
21:20:52.522 [FXGL Background Thread 3 ] DEBUG Engine               - gameDifficultyProperty: ObjectProperty [value: MEDIUM]
21:20:52.522 [FXGL Background Thread 3 ] DEBUG Engine               - globalMusicVolume: 0.5
21:20:52.522 [FXGL Background Thread 3 ] DEBUG Engine               - globalMusicVolumeProperty: DoubleProperty [value: 0.5]
21:20:52.522 [FXGL Background Thread 3 ] DEBUG Engine               - globalSoundVolume: 0.5
21:20:52.522 [FXGL Background Thread 3 ] DEBUG Engine               - globalSoundVolumeProperty: DoubleProperty [value: 0.5]
21:20:52.522 [FXGL Background Thread 3 ] DEBUG Engine               - height: 1440
21:20:52.522 [FXGL Background Thread 3 ] DEBUG Engine               - is3D: false
21:20:52.522 [FXGL Background Thread 3 ] DEBUG Engine               - isAndroid: false
21:20:52.522 [FXGL Background Thread 3 ] DEBUG Engine               - isBrowser: false
21:20:52.522 [FXGL Background Thread 3 ] DEBUG Engine               - isClickFeedbackEnabled: false
21:20:52.523 [FXGL Background Thread 3 ] DEBUG Engine               - isCloseConfirmation: false
21:20:52.523 [FXGL Background Thread 3 ] DEBUG Engine               - isDesktop: true
21:20:52.523 [FXGL Background Thread 3 ] DEBUG Engine               - isDeveloperMenuEnabled: false
21:20:52.523 [FXGL Background Thread 3 ] DEBUG Engine               - isEmbedded: false
21:20:52.523 [FXGL Background Thread 3 ] DEBUG Engine               - isEntityPreloadEnabled: true
21:20:52.523 [FXGL Background Thread 3 ] DEBUG Engine               - isExperimentalTiledLargeMap: false
21:20:52.523 [FXGL Background Thread 3 ] DEBUG Engine               - isFileSystemWriteAllowed: true
21:20:52.523 [FXGL Background Thread 3 ] DEBUG Engine               - isFullScreenAllowed: true
21:20:52.523 [FXGL Background Thread 3 ] DEBUG Engine               - isFullScreenFromStart: true
21:20:52.523 [FXGL Background Thread 3 ] DEBUG Engine               - isGameMenuEnabled: true
21:20:52.523 [FXGL Background Thread 3 ] DEBUG Engine               - isIOS: false
21:20:52.523 [FXGL Background Thread 3 ] DEBUG Engine               - isIntroEnabled: false
21:20:52.524 [FXGL Background Thread 3 ] DEBUG Engine               - isLinux: false
21:20:52.524 [FXGL Background Thread 3 ] DEBUG Engine               - isMac: false
21:20:52.524 [FXGL Background Thread 3 ] DEBUG Engine               - isMainMenuEnabled: false
21:20:52.524 [FXGL Background Thread 3 ] DEBUG Engine               - isManualResizeEnabled: false
21:20:52.524 [FXGL Background Thread 3 ] DEBUG Engine               - isMobile: false
21:20:52.524 [FXGL Background Thread 3 ] DEBUG Engine               - isNative: false
21:20:52.524 [FXGL Background Thread 3 ] DEBUG Engine               - isPauseMusicWhenMinimized: true
21:20:52.524 [FXGL Background Thread 3 ] DEBUG Engine               - isPreserveResizeRatio: false
21:20:52.524 [FXGL Background Thread 3 ] DEBUG Engine               - isProfilingEnabled: false
21:20:52.524 [FXGL Background Thread 3 ] DEBUG Engine               - isScaleAffectedOnResize: true
21:20:52.524 [FXGL Background Thread 3 ] DEBUG Engine               - isSingleStep: false
21:20:52.525 [FXGL Background Thread 3 ] DEBUG Engine               - isUserProfileEnabled: false
21:20:52.525 [FXGL Background Thread 3 ] DEBUG Engine               - isWindows: true
21:20:52.525 [FXGL Background Thread 3 ] DEBUG Engine               - language: ObjectProperty [value: ENGLISH]
21:20:52.525 [FXGL Background Thread 3 ] DEBUG Engine               - menuKey: ESCAPE
21:20:52.525 [FXGL Background Thread 3 ] DEBUG Engine               - mouseSensitivity: 0.2
21:20:52.525 [FXGL Background Thread 3 ] DEBUG Engine               - notificationViewClass: class com.almasb.fxgl.notification.view.XboxNotificationView
21:20:52.525 [FXGL Background Thread 3 ] DEBUG Engine               - pixelsPerMeter: 50.0
21:20:52.525 [FXGL Background Thread 3 ] DEBUG Engine               - platform: WINDOWS
21:20:52.525 [FXGL Background Thread 3 ] DEBUG Engine               - prefHeightProperty: ReadOnlyDoubleProperty [value: 1440.0]
21:20:52.525 [FXGL Background Thread 3 ] DEBUG Engine               - prefWidthProperty: ReadOnlyDoubleProperty [value: 2560.0]
21:20:52.525 [FXGL Background Thread 3 ] DEBUG Engine               - profileDir: profiles/
21:20:52.525 [FXGL Background Thread 3 ] DEBUG Engine               - profileName: StringProperty [value: DEFAULT]
21:20:52.525 [FXGL Background Thread 3 ] DEBUG Engine               - randomSeed: -1
21:20:52.526 [FXGL Background Thread 3 ] DEBUG Engine               - runtimeInfo: RuntimeInfo(platform=WINDOWS, version=17.2, build=20.08.2022 16.50)
21:20:52.526 [FXGL Background Thread 3 ] DEBUG Engine               - saveFileExt: sav
21:20:52.526 [FXGL Background Thread 3 ] DEBUG Engine               - scaledHeightProp$fxgl: DoubleProperty [bound, value: 1440.0]
21:20:52.526 [FXGL Background Thread 3 ] DEBUG Engine               - scaledWidthProp$fxgl: DoubleProperty [bound, value: 2560.0]
21:20:52.526 [FXGL Background Thread 3 ] DEBUG Engine               - sceneFactory: com.almasb.fxgl.app.scene.SceneFactory@75bc72d3
21:20:52.526 [FXGL Background Thread 3 ] DEBUG Engine               - secondsIn24h: 60
21:20:52.527 [FXGL Background Thread 3 ] DEBUG Engine               - soundMenuBack: menu/back.wav
21:20:52.527 [FXGL Background Thread 3 ] DEBUG Engine               - soundMenuPress: menu/press.wav
21:20:52.527 [FXGL Background Thread 3 ] DEBUG Engine               - soundMenuSelect: menu/select.wav
21:20:52.527 [FXGL Background Thread 3 ] DEBUG Engine               - soundNotification: core/notification.wav
21:20:52.527 [FXGL Background Thread 3 ] DEBUG Engine               - stageStyle: DECORATED
21:20:52.527 [FXGL Background Thread 3 ] DEBUG Engine               - supportedLanguages: [ENGLISH, FRENCH, GERMAN, HUNGARIAN, RUSSIAN]
21:20:52.527 [FXGL Background Thread 3 ] DEBUG Engine               - ticksPerSecond: -1
21:20:52.527 [FXGL Background Thread 3 ] DEBUG Engine               - title: Stars
21:20:52.527 [FXGL Background Thread 3 ] DEBUG Engine               - urlGithub: https://github.com/AlmasB/FXGL
21:20:52.527 [FXGL Background Thread 3 ] DEBUG Engine               - urlLeaderboard: http://fxgl-top.herokuapp.com/
21:20:52.527 [FXGL Background Thread 3 ] DEBUG Engine               - urlPOM: https://raw.githubusercontent.com/AlmasB/FXGL/release/README.md
21:20:52.527 [FXGL Background Thread 3 ] DEBUG Engine               - userAppClass: class com.Imad.Main
21:20:52.527 [FXGL Background Thread 3 ] DEBUG Engine               - version: 
21:20:52.527 [FXGL Background Thread 3 ] DEBUG Engine               - versionCheckDays: 7
21:20:52.527 [FXGL Background Thread 3 ] DEBUG Engine               - width: 2560
21:20:52.527 [FXGL Background Thread 3 ] DEBUG Engine               - Logging services
21:20:52.527 [FXGL Background Thread 3 ] DEBUG Engine               - class com.almasb.fxgl.app.services.FXGLAssetLoaderService
21:20:52.527 [FXGL Background Thread 3 ] DEBUG Engine               - class com.almasb.fxgl.app.FXGLApplication$GameApplicationService
21:20:52.527 [FXGL Background Thread 3 ] DEBUG Engine               - class com.almasb.fxgl.app.services.FXGLDialogService
21:20:52.528 [FXGL Background Thread 3 ] DEBUG Engine               - class com.almasb.fxgl.app.services.IOTaskExecutorService
21:20:52.528 [FXGL Background Thread 3 ] DEBUG Engine               - class com.almasb.fxgl.io.FileSystemService
21:20:52.528 [FXGL Background Thread 3 ] DEBUG Engine               - class com.almasb.fxgl.localization.LocalizationService
21:20:52.528 [FXGL Background Thread 3 ] DEBUG Engine               - class com.almasb.fxgl.app.services.SystemBundleService
21:20:52.528 [FXGL Background Thread 3 ] DEBUG Engine               - class com.almasb.fxgl.profile.SaveLoadService
21:20:52.528 [FXGL Background Thread 3 ] DEBUG Engine               - class com.almasb.fxgl.ui.FXGLUIFactoryServiceProvider
21:20:52.528 [FXGL Background Thread 3 ] DEBUG Engine               - class com.almasb.fxgl.ui.FXGLDialogFactoryServiceProvider
21:20:52.528 [FXGL Background Thread 3 ] DEBUG Engine               - class com.almasb.fxgl.audio.AudioPlayer
21:20:52.528 [FXGL Background Thread 3 ] DEBUG Engine               - class com.almasb.fxgl.notification.impl.NotificationServiceProvider
21:20:52.528 [FXGL Background Thread 3 ] DEBUG Engine               - class com.almasb.fxgl.achievement.AchievementService
21:20:52.528 [FXGL Background Thread 3 ] DEBUG Engine               - class com.almasb.fxgl.cutscene.CutsceneService
21:20:52.529 [FXGL Background Thread 3 ] DEBUG Engine               - class com.almasb.fxgl.minigames.MiniGameService
21:20:52.529 [FXGL Background Thread 3 ] DEBUG Engine               - class com.almasb.fxgl.net.NetService
21:20:52.529 [FXGL Background Thread 3 ] DEBUG Engine               - class com.almasb.fxgl.app.services.UpdaterService
21:20:52.529 [FXGL Background Thread 3 ] DEBUG Engine               - class com.almasb.fxgl.dev.DevService
21:21:16.925 [JavaFX Application Thread] DEBUG PrimaryStageWindow   - Push state: FXGLDefaultMenu
21:21:16.929 [JavaFX Application Thread] DEBUG Input                - Clearing active input actions
21:21:16.934 [JavaFX Application Thread] DEBUG GameApplicationServi - Removing overlay from GameScene and adding to FXGLDefaultMenu
21:21:16.935 [JavaFX Application Thread] DEBUG PrimaryStageWindow   - GameScene -> FXGLDefaultMenu
21:21:17.931 [JavaFX Application Thread] DEBUG Menu                 - fireExit()
21:21:17.933 [JavaFX Application Thread] DEBUG PrimaryStageWindow   - Push state: DialogSubScene
21:21:17.933 [JavaFX Application Thread] DEBUG Input                - Clearing active input actions
21:21:17.933 [JavaFX Application Thread] DEBUG GameApplicationServi - Removing overlay from FXGLDefaultMenu and adding to DialogSubScene
21:21:17.933 [JavaFX Application Thread] DEBUG PrimaryStageWindow   - FXGLDefaultMenu -> DialogSubScene
21:21:18.628 [JavaFX Application Thread] DEBUG PrimaryStageWindow   - Pop state: DialogSubScene
21:21:18.628 [JavaFX Application Thread] DEBUG Input                - Clearing active input actions
21:21:18.628 [JavaFX Application Thread] DEBUG GameApplicationServi - Removing overlay from DialogSubScene and adding to FXGLDefaultMenu
21:21:18.629 [JavaFX Application Thread] DEBUG PrimaryStageWindow   - FXGLDefaultMenu <- DialogSubScene
21:21:18.629 [JavaFX Application Thread] DEBUG FXGLApplication      - Exiting FXGL
21:21:18.629 [JavaFX Application Thread] DEBUG LoopRunner           - Stopping loop
21:21:18.629 [JavaFX Application Thread] DEBUG SystemBundleService  - Saving FXGL system data
21:21:18.630 [JavaFX Application Thread] DEBUG FileSystemAccess     - Writing to: C:\Users\imad0\Desktop\CodingFun\JavaFxMeTry\system\fxgl.bundle
21:21:18.631 [JavaFX Application Thread] DEBUG Async                - Shutting down background threads
21:21:18.632 [JavaFX Application Thread] DEBUG PrimaryStageWindow   - Closing main window
21:21:18.661 [JavaFX Application Thread] DEBUG Logger               - Closing Logger
